[debug] [2023-07-22T17:54:08.242Z] ----------------------------------------------------------------------
[debug] [2023-07-22T17:54:08.245Z] Command:       C:\Program Files\nodejs\node.exe C:\Users\hp\AppData\Roaming\npm\node_modules\firebase-tools\lib\bin\firebase.js init
[debug] [2023-07-22T17:54:08.246Z] CLI Version:   12.4.5
[debug] [2023-07-22T17:54:08.246Z] Platform:      win32
[debug] [2023-07-22T17:54:08.246Z] Node Version:  v16.15.0
[debug] [2023-07-22T17:54:08.248Z] Time:          Sat Jul 22 2023 23:24:08 GMT+0530 (India Standard Time)
[debug] [2023-07-22T17:54:08.248Z] ----------------------------------------------------------------------
[debug] 
[debug] [2023-07-22T17:54:08.259Z] > command requires scopes: ["email","openid","https://www.googleapis.com/auth/cloudplatformprojects.readonly","https://www.googleapis.com/auth/firebase","https://www.googleapis.com/auth/cloud-platform"]
[debug] [2023-07-22T17:54:08.259Z] > authorizing via signed-in user (sanskritigupta2027@gmail.com)
[info] 
     ######## #### ########  ######## ########     ###     ######  ########
     ##        ##  ##     ## ##       ##     ##  ##   ##  ##       ##
     ######    ##  ########  ######   ########  #########  ######  ######
     ##        ##  ##    ##  ##       ##     ## ##     ##       ## ##
     ##       #### ##     ## ######## ########  ##     ##  ######  ########

You're about to initialize a Firebase project in this directory:

  F:\New folder\Blog-With-Database-final

[info] 
=== Project Setup
[info] 
[info] First, let's associate this project directory with a Firebase project.
[info] You can create multiple project aliases by running firebase use --add, 
[info] but for now we'll just set up a default project.
[info] 
[debug] [2023-07-22T17:54:21.370Z] >>> [apiv2][query] GET https://firebase.googleapis.com/v1beta1/availableProjects pageSize=100
[debug] [2023-07-22T17:54:23.000Z] <<< [apiv2][status] GET https://firebase.googleapis.com/v1beta1/availableProjects 200
[debug] [2023-07-22T17:54:23.000Z] <<< [apiv2][body] GET https://firebase.googleapis.com/v1beta1/availableProjects [omitted]
[debug] [2023-07-22T17:54:35.721Z] >>> [apiv2][query] POST https://firebase.googleapis.com/v1beta1/projects/crypto-catfish-393606:addFirebase [none]
[debug] [2023-07-22T17:54:37.076Z] <<< [apiv2][status] POST https://firebase.googleapis.com/v1beta1/projects/crypto-catfish-393606:addFirebase 403
[debug] [2023-07-22T17:54:37.076Z] <<< [apiv2][body] POST https://firebase.googleapis.com/v1beta1/projects/crypto-catfish-393606:addFirebase {"error":{"code":403,"message":"The caller does not have permission","status":"PERMISSION_DENIED"}}
[debug] [2023-07-22T17:54:37.078Z] HTTP Error: 403, The caller does not have permission
[debug] [2023-07-22T17:54:37.487Z] FirebaseError: HTTP Error: 403, The caller does not have permission
    at responseToError (C:\Users\hp\AppData\Roaming\npm\node_modules\firebase-tools\lib\responseToError.js:49:12)
    at RetryOperation._fn (C:\Users\hp\AppData\Roaming\npm\node_modules\firebase-tools\lib\apiv2.js:285:77)
    at processTicksAndRejections (node:internal/process/task_queues:96:5)
[error] 
[error] Error: Failed to add Firebase to Google Cloud Platform project. See firebase-debug.log for more info.
